<?xml version="1.0" encoding="UTF-8"?>
<!-- Generated by org.testng.reporters.JUnitReportReporter -->
<testsuite hostname="DESKTOP-HVDGV7T" failures="0" tests="1" name="My_SDET_Caw.dynamic_Table" time="28.967" errors="0" timestamp="2023-11-24T11:57:18 IST" skipped="0">
  <testcase classname="My_SDET_Caw.dynamic_Table" name="main" time="28.967"/>
</testsuite> <!-- My_SDET_Caw.dynamic_Table -->
